#
# A fatal error has been detected by the Java Runtime Environment:
#
#  EXCEPTION_ACCESS_VIOLATION (0xc0000005) at pc=0x00007ffb60c6bea2, pid=1828, tid=2496
#
# JRE version: Java(TM) SE Runtime Environment (11.0.1+13) (build 11.0.1+13-LTS)
# Java VM: Java HotSpot(TM) 64-Bit Server VM (11.0.1+13-LTS, mixed mode, tiered, compressed oops, g1 gc, windows-amd64)
# Problematic frame:
# V  [jvm.dll+0x20bea2]
#
# No core dump will be written. Minidumps are not enabled by default on client versions of Windows
#
# If you would like to submit a bug report, please visit:
#   http://bugreport.java.com/bugreport/crash.jsp
#

---------------  S U M M A R Y ------------

Command Line: -ea -Xrunjdwp:transport=dt_socket,server=y,suspend=n,address=51518 -Xdebug -Xnoagent -Djava.compiler=NONE -Ddrjava.debug.port=51518 -Dedu.rice.cs.cunit.concJUnit.check.join.enabled=false -Dedu.rice.cs.cunit.concJUnit.check.lucky.enabled=false -Dedu.rice.cs.cunit.concJUnit.check.threads.enabled=false -Djava.rmi.server.hostname=127.0.0.1 edu.rice.cs.plt.concurrent.ProcessTaskController$Runner

Host: Intel(R) Core(TM) i5-8250U CPU @ 1.60GHz, 8 cores, 7G,  Windows 10 , 64 bit Build 18362 (10.0.18362.959)
Time: Sat Aug 29 12:56:14 2020 Eastern Daylight Time elapsed time: 5730 seconds (0d 1h 35m 30s)

---------------  T H R E A D  ---------------

Current thread (0x00000137aeec4000):  GCTaskThread "GC Thread#2" [stack: 0x000000221d000000,0x000000221d100000] [id=2496]

Stack: [0x000000221d000000,0x000000221d100000],  sp=0x000000221d0ff400,  free space=1021k
Native frames: (J=compiled Java code, j=interpreted, Vv=VM code, C=native code)
V  [jvm.dll+0x20bea2]
V  [jvm.dll+0x306c79]
V  [jvm.dll+0x30461e]
V  [jvm.dll+0x30b0cc]
V  [jvm.dll+0x30add8]
V  [jvm.dll+0x30a646]
V  [jvm.dll+0x7ab4e0]
V  [jvm.dll+0x63b2b2]
C  [ucrtbase.dll+0x20e82]
C  [KERNEL32.DLL+0x17bd4]
C  [ntdll.dll+0x6ce51]


siginfo: EXCEPTION_ACCESS_VIOLATION (0xc0000005), reading address 0xffffffffffffffff


Register to memory mapping:

RIP=0x00007ffb60c6bea2 jvm.dll
RAX=0x00000137a54e0000 points into unknown readable memory
RBX=0x0000000000000003 is an unknown value
RCX=0x0 is NULL
RDX=0x1fffffffefc40000 is an unknown value
RSP=0x000000221d0ff400 points into unknown readable memory
RBP=0x000000221d0ff548 points into unknown readable memory
RSI=0x00000137ae1020d0 points into unknown readable memory
RDI=0x0000000000000001 is an unknown value
R8 =0x007fffffffbf1000 is an unknown value
R9 =0x0 is NULL
R10=0x0 is NULL
R11=0x000000221d0ff2d0 points into unknown readable memory
R12=0x0 is NULL
R13=0x00000137ae1021a8 points into unknown readable memory
R14=0x0000000088a9c298 is an oop
java.lang.Class 
{0x0000000088a9c298} - klass: 'java/lang/Class'
R15=0x00007ffb60a60000 jvm.dll


Registers:
RAX=0x00000137a54e0000, RBX=0x0000000000000003, RCX=0x0000000000000000, RDX=0x1fffffffefc40000
RSP=0x000000221d0ff400, RBP=0x000000221d0ff548, RSI=0x00000137ae1020d0, RDI=0x0000000000000001
R8 =0x007fffffffbf1000, R9 =0x0000000000000000, R10=0x0000000000000000, R11=0x000000221d0ff2d0
R12=0x0000000000000000, R13=0x00000137ae1021a8, R14=0x0000000088a9c298, R15=0x00007ffb60a60000
RIP=0x00007ffb60c6bea2, EFLAGS=0x0000000000010246

Top of Stack: (sp=0x000000221d0ff400)
0x000000221d0ff400:   00000137abe107c0 00007ffb60c6bed3
0x000000221d0ff410:   00000137ac7f4028 00000137ad16ff30
0x000000221d0ff420:   00000137ae1020d0 00007ffb60d66c79
0x000000221d0ff430:   0000000000000003 00000137ae1020d0
0x000000221d0ff440:   0000000088cb3590 00000137ae1020d0
0x000000221d0ff450:   0000000088b17c68 00007ffb60d65aee
0x000000221d0ff460:   0000000088c023b0 00007ffb60d6461e
0x000000221d0ff470:   0000000000000000 0000000000000003
0x000000221d0ff480:   00000137af729c38 0000000088cb27a4
0x000000221d0ff490:   00007ffb60a60000 0000000000000000
0x000000221d0ff4a0:   0000000000000000 0000000000000000
0x000000221d0ff4b0:   0000000000000000 00000137ae1020d0
0x000000221d0ff4c0:   0000000088a9c298 00007ffb60d6b0cc
0x000000221d0ff4d0:   0000000100002310 0000000088a9c298
0x000000221d0ff4e0:   000000221d0ff548 000000221d0ff548
0x000000221d0ff4f0:   0000000000000000 00000137ae1021a8 

Instructions: (pc=0x00007ffb60c6bea2)
0x00007ffb60c6be82:   bf 01 00 00 00 48 8b 41 18 8b 49 10 48 c1 ea 03
0x00007ffb60c6be92:   48 d3 ea 4c 8b c2 0f b6 ca 49 c1 e8 06 80 e1 3f
0x00007ffb60c6bea2:   4a 8b 1c c0 4a 8d 34 c0 48 d3 e7 48 8b c3 48 0b
0x00007ffb60c6beb2:   c7 48 3b c3 74 2e 0f 1f 84 00 00 00 00 00 4c 8b 



---------------  P R O C E S S  ---------------

Threads class SMR info:
_java_thread_list=0x00000137ae2ffcb0, length=23, elements={
0x00000137abe4e800, 0x00000137abe59800, 0x00000137abe6a800, 0x00000137abe6b000,
0x00000137abe6d000, 0x00000137abe71800, 0x00000137ac7c8800, 0x00000137ac951000,
0x00000137ac964000, 0x00000137ac96e800, 0x00000137ac97d800, 0x00000137ad004800,
0x00000137ad198000, 0x00000137ad17f000, 0x000001378d283800, 0x00000137ad1de800,
0x00000137ad259800, 0x00000137ad202800, 0x00000137ad48f000, 0x00000137ad69a000,
0x00000137ad6b6000, 0x00000137ae2ea000, 0x00000137ae2e7800
}

Java Threads: ( => current thread )
  0x00000137abe4e800 JavaThread "Reference Handler" daemon [_thread_blocked, id=2068, stack(0x000000221bc00000,0x000000221bd00000)]
  0x00000137abe59800 JavaThread "Finalizer" daemon [_thread_blocked, id=10100, stack(0x000000221bd00000,0x000000221be00000)]
  0x00000137abe6a800 JavaThread "Signal Dispatcher" daemon [_thread_blocked, id=6568, stack(0x000000221be00000,0x000000221bf00000)]
  0x00000137abe6b000 JavaThread "Attach Listener" daemon [_thread_blocked, id=1836, stack(0x000000221bf00000,0x000000221c000000)]
  0x00000137abe6d000 JavaThread "C2 CompilerThread0" daemon [_thread_blocked, id=9940, stack(0x000000221c000000,0x000000221c100000)]
  0x00000137abe71800 JavaThread "C1 CompilerThread0" daemon [_thread_blocked, id=11120, stack(0x000000221c100000,0x000000221c200000)]
  0x00000137ac7c8800 JavaThread "Sweeper thread" daemon [_thread_blocked, id=2224, stack(0x000000221c200000,0x000000221c300000)]
  0x00000137ac951000 JavaThread "JDWP Transport Listener: dt_socket" daemon [_thread_in_native, id=2280, stack(0x000000221c300000,0x000000221c400000)]
  0x00000137ac964000 JavaThread "JDWP Event Helper Thread" daemon [_thread_blocked, id=7516, stack(0x000000221c400000,0x000000221c500000)]
  0x00000137ac96e800 JavaThread "Service Thread" daemon [_thread_blocked, id=12848, stack(0x000000221c500000,0x000000221c600000)]
  0x00000137ac97d800 JavaThread "Common-Cleaner" daemon [_thread_blocked, id=11692, stack(0x000000221c700000,0x000000221c800000)]
  0x00000137ad004800 JavaThread "RMI TCP Accept-0" daemon [_thread_in_native, id=5568, stack(0x000000221c800000,0x000000221c900000)]
  0x00000137ad198000 JavaThread "RMI Reaper" [_thread_blocked, id=12328, stack(0x000000221c900000,0x000000221ca00000)]
  0x00000137ad17f000 JavaThread "RMI GC Daemon" daemon [_thread_blocked, id=11340, stack(0x000000221ca00000,0x000000221cb00000)]
  0x000001378d283800 JavaThread "DestroyJavaVM" [_thread_blocked, id=5860, stack(0x000000221b500000,0x000000221b600000)]
  0x00000137ad1de800 JavaThread "RMI Scheduler(0)" daemon [_thread_blocked, id=1764, stack(0x000000221cc00000,0x000000221cd00000)]
  0x00000137ad259800 JavaThread "RMI RenewClean-[127.0.0.1:49858]" daemon [_thread_blocked, id=3300, stack(0x000000221cd00000,0x000000221ce00000)]
  0x00000137ad202800 JavaThread "Poll DrJava Thread" daemon [_thread_blocked, id=13964, stack(0x000000221ce00000,0x000000221cf00000)]
  0x00000137ad48f000 JavaThread "Java2D Disposer" daemon [_thread_blocked, id=10064, stack(0x000000221d100000,0x000000221d200000)]
  0x00000137ad69a000 JavaThread "AWT-Shutdown" [_thread_blocked, id=13944, stack(0x000000221d200000,0x000000221d300000)]
  0x00000137ad6b6000 JavaThread "AWT-Windows" daemon [_thread_in_native, id=9764, stack(0x000000221d300000,0x000000221d400000)]
  0x00000137ae2ea000 JavaThread "AWT-EventQueue-0" [_thread_blocked, id=5716, stack(0x000000221d400000,0x000000221d500000)]
  0x00000137ae2e7800 JavaThread "RMI TCP Connection(idle)" daemon [_thread_blocked, id=1428, stack(0x000000221b200000,0x000000221b300000)]

Other Threads:
  0x00000137abe2b800 VMThread "VM Thread" [stack: 0x000000221bb00000,0x000000221bc00000] [id=12700]
  0x00000137ac972800 WatcherThread [stack: 0x000000221c600000,0x000000221c700000] [id=11292]
  0x000001378d299000 GCTaskThread "GC Thread#0" [stack: 0x000000221b600000,0x000000221b700000] [id=11672]
  0x00000137aeec3000 GCTaskThread "GC Thread#1" [stack: 0x000000221cf00000,0x000000221d000000] [id=1556]
=>0x00000137aeec4000 GCTaskThread "GC Thread#2" [stack: 0x000000221d000000,0x000000221d100000] [id=2496]
  0x00000137aeec4800 GCTaskThread "GC Thread#3" [stack: 0x000000221d500000,0x000000221d600000] [id=1612]
  0x00000137aeec5800 GCTaskThread "GC Thread#4" [stack: 0x000000221d600000,0x000000221d700000] [id=4016]
  0x00000137aeec8800 GCTaskThread "GC Thread#5" [stack: 0x000000221d700000,0x000000221d800000] [id=9904]
  0x00000137aeec9800 GCTaskThread "GC Thread#6" [stack: 0x000000221d800000,0x000000221d900000] [id=13968]
  0x00000137ad3a9800 GCTaskThread "GC Thread#7" [stack: 0x000000221d900000,0x000000221da00000] [id=7328]
  0x000001378d2ca800 ConcurrentGCThread "G1 Main Marker" [stack: 0x000000221b700000,0x000000221b800000] [id=12672]
  0x000001378d2cc000 ConcurrentGCThread "G1 Conc#0" [stack: 0x000000221b800000,0x000000221b900000] [id=11028]
  0x00000137acb41800 ConcurrentGCThread "G1 Conc#1" [stack: 0x000000221b300000,0x000000221b400000] [id=7940]
  0x00000137abc94800 ConcurrentGCThread "G1 Refine#0" [stack: 0x000000221b900000,0x000000221ba00000] [id=8896]
  0x00000137abc95000 ConcurrentGCThread "G1 Young RemSet Sampling" [stack: 0x000000221ba00000,0x000000221bb00000] [id=9208]

Threads with active compile tasks:

VM state:at safepoint (normal execution)

VM Mutex/Monitor currently owned by a thread:  ([mutex/lock_event])
[0x000001378d2817a0] Threads_lock - owner thread: 0x00000137abe2b800
[0x000001378d280900] Heap_lock - owner thread: 0x00000137ad17f000

Heap address: 0x0000000081e00000, size: 2018 MB, Compressed Oops mode: 32-bit
Narrow klass base: 0x0000000000000000, Narrow klass shift: 3
Compressed class space size: 1073741824 Address: 0x0000000100000000

Heap:
 garbage-first heap   total 131072K, used 36265K [0x0000000081e00000, 0x0000000100000000)
  region size 1024K, 26 young (26624K), 4 survivors (4096K)
 Metaspace       used 20580K, capacity 21263K, committed 21552K, reserved 1069056K
  class space    used 2291K, capacity 2581K, committed 2688K, reserved 1048576K
Heap Regions: E=young(eden), S=young(survivor), O=old, HS=humongous(starts), HC=humongous(continues), CS=collection set, F=free, A=archive, TAMS=top-at-mark-start (previous, next)
|   0|0x0000000081e00000, 0x0000000081f00000, 0x0000000081f00000|100%|HS|  |TAMS 0x0000000081f00000, 0x0000000081e00000| Complete 
|   1|0x0000000081f00000, 0x0000000082000000, 0x0000000082000000|100%|HC|  |TAMS 0x0000000082000000, 0x0000000081f00000| Complete 
|   2|0x0000000082000000, 0x000000008208fa00, 0x0000000082100000| 56%| O|  |TAMS 0x000000008208fa00, 0x0000000082000000| Untracked 
|   3|0x0000000082100000, 0x0000000082200000, 0x0000000082200000|100%|HS|  |TAMS 0x0000000082200000, 0x0000000082100000| Complete 
|   4|0x0000000082200000, 0x0000000082300000, 0x0000000082300000|100%|HC|  |TAMS 0x0000000082300000, 0x0000000082200000| Complete 
|   5|0x0000000082300000, 0x0000000082400000, 0x0000000082400000|100%|HC|  |TAMS 0x0000000082400000, 0x0000000082300000| Complete 
|   6|0x0000000082400000, 0x0000000082500000, 0x0000000082500000|100%|HC|  |TAMS 0x0000000082500000, 0x0000000082400000| Complete 
|   7|0x0000000082500000, 0x0000000082600000, 0x0000000082600000|100%|HC|  |TAMS 0x0000000082600000, 0x0000000082500000| Complete 
|   8|0x0000000082600000, 0x0000000082700000, 0x0000000082700000|100%|HC|  |TAMS 0x0000000082700000, 0x0000000082600000| Complete 
|   9|0x0000000082700000, 0x0000000082800000, 0x0000000082800000|100%|HC|  |TAMS 0x0000000082800000, 0x0000000082700000| Complete 
|  10|0x0000000082800000, 0x0000000082900000, 0x0000000082900000|100%|HC|  |TAMS 0x0000000082900000, 0x0000000082800000| Complete 
|  11|0x0000000082900000, 0x0000000082900000, 0x0000000082a00000|  0%| F|  |TAMS 0x0000000082900000, 0x0000000082900000| Untracked 
|  12|0x0000000082a00000, 0x0000000082a00000, 0x0000000082b00000|  0%| F|  |TAMS 0x0000000082a00000, 0x0000000082a00000| Untracked 
|  13|0x0000000082b00000, 0x0000000082b00000, 0x0000000082c00000|  0%| F|  |TAMS 0x0000000082b00000, 0x0000000082b00000| Untracked 
|  14|0x0000000082c00000, 0x0000000082c00000, 0x0000000082d00000|  0%| F|  |TAMS 0x0000000082c00000, 0x0000000082c00000| Untracked 
|  15|0x0000000082d00000, 0x0000000082d00000, 0x0000000082e00000|  0%| F|  |TAMS 0x0000000082d00000, 0x0000000082d00000| Untracked 
|  16|0x0000000082e00000, 0x0000000082e00000, 0x0000000082f00000|  0%| F|  |TAMS 0x0000000082e00000, 0x0000000082e00000| Untracked 
|  17|0x0000000082f00000, 0x0000000082f00000, 0x0000000083000000|  0%| F|  |TAMS 0x0000000082f00000, 0x0000000082f00000| Untracked 
|  18|0x0000000083000000, 0x0000000083000000, 0x0000000083100000|  0%| F|  |TAMS 0x0000000083000000, 0x0000000083000000| Untracked 
|  19|0x0000000083100000, 0x0000000083100000, 0x0000000083200000|  0%| F|  |TAMS 0x0000000083100000, 0x0000000083100000| Untracked 
|  20|0x0000000083200000, 0x0000000083200000, 0x0000000083300000|  0%| F|  |TAMS 0x0000000083200000, 0x0000000083200000| Untracked 
|  21|0x0000000083300000, 0x0000000083300000, 0x0000000083400000|  0%| F|  |TAMS 0x0000000083300000, 0x0000000083300000| Untracked 
|  22|0x0000000083400000, 0x0000000083400000, 0x0000000083500000|  0%| F|  |TAMS 0x0000000083400000, 0x0000000083400000| Untracked 
|  23|0x0000000083500000, 0x0000000083500000, 0x0000000083600000|  0%| F|  |TAMS 0x0000000083500000, 0x0000000083500000| Untracked 
|  24|0x0000000083600000, 0x0000000083600000, 0x0000000083700000|  0%| F|  |TAMS 0x0000000083600000, 0x0000000083600000| Untracked 
|  25|0x0000000083700000, 0x0000000083700000, 0x0000000083800000|  0%| F|  |TAMS 0x0000000083700000, 0x0000000083700000| Untracked 
|  26|0x0000000083800000, 0x0000000083800000, 0x0000000083900000|  0%| F|  |TAMS 0x0000000083800000, 0x0000000083800000| Untracked 
|  27|0x0000000083900000, 0x0000000083900000, 0x0000000083a00000|  0%| F|  |TAMS 0x0000000083900000, 0x0000000083900000| Untracked 
|  28|0x0000000083a00000, 0x0000000083a00000, 0x0000000083b00000|  0%| F|  |TAMS 0x0000000083a00000, 0x0000000083a00000| Untracked 
|  29|0x0000000083b00000, 0x0000000083b00000, 0x0000000083c00000|  0%| F|  |TAMS 0x0000000083b00000, 0x0000000083b00000| Untracked 
|  30|0x0000000083c00000, 0x0000000083c00000, 0x0000000083d00000|  0%| F|  |TAMS 0x0000000083c00000, 0x0000000083c00000| Untracked 
|  31|0x0000000083d00000, 0x0000000083d00000, 0x0000000083e00000|  0%| F|  |TAMS 0x0000000083d00000, 0x0000000083d00000| Untracked 
|  32|0x0000000083e00000, 0x0000000083e00000, 0x0000000083f00000|  0%| F|  |TAMS 0x0000000083e00000, 0x0000000083e00000| Untracked 
|  33|0x0000000083f00000, 0x0000000083f00000, 0x0000000084000000|  0%| F|  |TAMS 0x0000000083f00000, 0x0000000083f00000| Untracked 
|  34|0x0000000084000000, 0x0000000084000000, 0x0000000084100000|  0%| F|  |TAMS 0x0000000084000000, 0x0000000084000000| Untracked 
|  35|0x0000000084100000, 0x0000000084100000, 0x0000000084200000|  0%| F|  |TAMS 0x0000000084100000, 0x0000000084100000| Untracked 
|  36|0x0000000084200000, 0x0000000084200000, 0x0000000084300000|  0%| F|  |TAMS 0x0000000084200000, 0x0000000084200000| Untracked 
|  37|0x0000000084300000, 0x0000000084300000, 0x0000000084400000|  0%| F|  |TAMS 0x0000000084300000, 0x0000000084300000| Untracked 
|  38|0x0000000084400000, 0x0000000084400000, 0x0000000084500000|  0%| F|  |TAMS 0x0000000084400000, 0x0000000084400000| Untracked 
|  39|0x0000000084500000, 0x0000000084500000, 0x0000000084600000|  0%| F|  |TAMS 0x0000000084500000, 0x0000000084500000| Untracked 
|  40|0x0000000084600000, 0x0000000084600000, 0x0000000084700000|  0%| F|  |TAMS 0x0000000084600000, 0x0000000084600000| Untracked 
|  41|0x0000000084700000, 0x0000000084700000, 0x0000000084800000|  0%| F|  |TAMS 0x0000000084700000, 0x0000000084700000| Untracked 
|  42|0x0000000084800000, 0x0000000084800000, 0x0000000084900000|  0%| F|  |TAMS 0x0000000084800000, 0x0000000084800000| Untracked 
|  43|0x0000000084900000, 0x0000000084900000, 0x0000000084a00000|  0%| F|  |TAMS 0x0000000084900000, 0x0000000084900000| Untracked 
|  44|0x0000000084a00000, 0x0000000084a00000, 0x0000000084b00000|  0%| F|  |TAMS 0x0000000084a00000, 0x0000000084a00000| Untracked 
|  45|0x0000000084b00000, 0x0000000084b00000, 0x0000000084c00000|  0%| F|  |TAMS 0x0000000084b00000, 0x0000000084b00000| Untracked 
|  46|0x0000000084c00000, 0x0000000084c00000, 0x0000000084d00000|  0%| F|  |TAMS 0x0000000084c00000, 0x0000000084c00000| Untracked 
|  47|0x0000000084d00000, 0x0000000084d00000, 0x0000000084e00000|  0%| F|  |TAMS 0x0000000084d00000, 0x0000000084d00000| Untracked 
|  48|0x0000000084e00000, 0x0000000084e00000, 0x0000000084f00000|  0%| F|  |TAMS 0x0000000084e00000, 0x0000000084e00000| Untracked 
|  49|0x0000000084f00000, 0x0000000084f00000, 0x0000000085000000|  0%| F|  |TAMS 0x0000000084f00000, 0x0000000084f00000| Untracked 
|  50|0x0000000085000000, 0x0000000085000000, 0x0000000085100000|  0%| F|  |TAMS 0x0000000085000000, 0x0000000085000000| Untracked 
|  51|0x0000000085100000, 0x0000000085100000, 0x0000000085200000|  0%| F|  |TAMS 0x0000000085100000, 0x0000000085100000| Untracked 
|  52|0x0000000085200000, 0x0000000085200000, 0x0000000085300000|  0%| F|  |TAMS 0x0000000085200000, 0x0000000085200000| Untracked 
|  53|0x0000000085300000, 0x0000000085300000, 0x0000000085400000|  0%| F|  |TAMS 0x0000000085300000, 0x0000000085300000| Untracked 
|  54|0x0000000085400000, 0x0000000085400000, 0x0000000085500000|  0%| F|  |TAMS 0x0000000085400000, 0x0000000085400000| Untracked 
|  55|0x0000000085500000, 0x0000000085500000, 0x0000000085600000|  0%| F|  |TAMS 0x0000000085500000, 0x0000000085500000| Untracked 
|  56|0x0000000085600000, 0x0000000085600000, 0x0000000085700000|  0%| F|  |TAMS 0x0000000085600000, 0x0000000085600000| Untracked 
|  57|0x0000000085700000, 0x0000000085700000, 0x0000000085800000|  0%| F|  |TAMS 0x0000000085700000, 0x0000000085700000| Untracked 
|  58|0x0000000085800000, 0x0000000085800000, 0x0000000085900000|  0%| F|  |TAMS 0x0000000085800000, 0x0000000085800000| Untracked 
|  59|0x0000000085900000, 0x0000000085900000, 0x0000000085a00000|  0%| F|  |TAMS 0x0000000085900000, 0x0000000085900000| Untracked 
|  60|0x0000000085a00000, 0x0000000085a00000, 0x0000000085b00000|  0%| F|  |TAMS 0x0000000085a00000, 0x0000000085a00000| Untracked 
|  61|0x0000000085b00000, 0x0000000085b00000, 0x0000000085c00000|  0%| F|  |TAMS 0x0000000085b00000, 0x0000000085b00000| Untracked 
|  62|0x0000000085c00000, 0x0000000085c00000, 0x0000000085d00000|  0%| F|  |TAMS 0x0000000085c00000, 0x0000000085c00000| Untracked 
|  63|0x0000000085d00000, 0x0000000085d00000, 0x0000000085e00000|  0%| F|  |TAMS 0x0000000085d00000, 0x0000000085d00000| Untracked 
|  64|0x0000000085e00000, 0x0000000085e00000, 0x0000000085f00000|  0%| F|  |TAMS 0x0000000085e00000, 0x0000000085e00000| Untracked 
|  65|0x0000000085f00000, 0x0000000085f00000, 0x0000000086000000|  0%| F|  |TAMS 0x0000000085f00000, 0x0000000085f00000| Untracked 
|  66|0x0000000086000000, 0x0000000086000000, 0x0000000086100000|  0%| F|  |TAMS 0x0000000086000000, 0x0000000086000000| Untracked 
|  67|0x0000000086100000, 0x0000000086100000, 0x0000000086200000|  0%| F|  |TAMS 0x0000000086100000, 0x0000000086100000| Untracked 
|  68|0x0000000086200000, 0x0000000086200000, 0x0000000086300000|  0%| F|  |TAMS 0x0000000086200000, 0x0000000086200000| Untracked 
|  69|0x0000000086300000, 0x0000000086300000, 0x0000000086400000|  0%| F|  |TAMS 0x0000000086300000, 0x0000000086300000| Untracked 
|  70|0x0000000086400000, 0x0000000086400000, 0x0000000086500000|  0%| F|  |TAMS 0x0000000086400000, 0x0000000086400000| Untracked 
|  71|0x0000000086500000, 0x0000000086500000, 0x0000000086600000|  0%| F|  |TAMS 0x0000000086500000, 0x0000000086500000| Untracked 
|  72|0x0000000086600000, 0x0000000086600000, 0x0000000086700000|  0%| F|  |TAMS 0x0000000086600000, 0x0000000086600000| Untracked 
|  73|0x0000000086700000, 0x0000000086700000, 0x0000000086800000|  0%| F|  |TAMS 0x0000000086700000, 0x0000000086700000| Untracked 
|  74|0x0000000086800000, 0x0000000086800000, 0x0000000086900000|  0%| F|  |TAMS 0x0000000086800000, 0x0000000086800000| Untracked 
|  75|0x0000000086900000, 0x0000000086900000, 0x0000000086a00000|  0%| F|  |TAMS 0x0000000086900000, 0x0000000086900000| Untracked 
|  76|0x0000000086a00000, 0x0000000086a00000, 0x0000000086b00000|  0%| F|  |TAMS 0x0000000086a00000, 0x0000000086a00000| Untracked 
|  77|0x0000000086b00000, 0x0000000086b00000, 0x0000000086c00000|  0%| F|  |TAMS 0x0000000086b00000, 0x0000000086b00000| Untracked 
|  78|0x0000000086c00000, 0x0000000086c00000, 0x0000000086d00000|  0%| F|  |TAMS 0x0000000086c00000, 0x0000000086c00000| Untracked 
|  79|0x0000000086d00000, 0x0000000086d00000, 0x0000000086e00000|  0%| F|  |TAMS 0x0000000086d00000, 0x0000000086d00000| Untracked 
|  80|0x0000000086e00000, 0x0000000086e00000, 0x0000000086f00000|  0%| F|  |TAMS 0x0000000086e00000, 0x0000000086e00000| Untracked 
|  81|0x0000000086f00000, 0x0000000086f00000, 0x0000000087000000|  0%| F|  |TAMS 0x0000000086f00000, 0x0000000086f00000| Untracked 
|  82|0x0000000087000000, 0x0000000087000000, 0x0000000087100000|  0%| F|  |TAMS 0x0000000087000000, 0x0000000087000000| Untracked 
|  83|0x0000000087100000, 0x0000000087100000, 0x0000000087200000|  0%| F|  |TAMS 0x0000000087100000, 0x0000000087100000| Untracked 
|  84|0x0000000087200000, 0x0000000087200000, 0x0000000087300000|  0%| F|  |TAMS 0x0000000087200000, 0x0000000087200000| Untracked 
|  85|0x0000000087300000, 0x0000000087300000, 0x0000000087400000|  0%| F|  |TAMS 0x0000000087300000, 0x0000000087300000| Untracked 
|  86|0x0000000087400000, 0x0000000087400000, 0x0000000087500000|  0%| F|  |TAMS 0x0000000087400000, 0x0000000087400000| Untracked 
|  87|0x0000000087500000, 0x0000000087500000, 0x0000000087600000|  0%| F|  |TAMS 0x0000000087500000, 0x0000000087500000| Untracked 
|  88|0x0000000087600000, 0x0000000087600000, 0x0000000087700000|  0%| F|  |TAMS 0x0000000087600000, 0x0000000087600000| Untracked 
|  89|0x0000000087700000, 0x0000000087700000, 0x0000000087800000|  0%| F|  |TAMS 0x0000000087700000, 0x0000000087700000| Untracked 
|  90|0x0000000087800000, 0x0000000087800000, 0x0000000087900000|  0%| F|  |TAMS 0x0000000087800000, 0x0000000087800000| Untracked 
|  91|0x0000000087900000, 0x0000000087900000, 0x0000000087a00000|  0%| F|  |TAMS 0x0000000087900000, 0x0000000087900000| Untracked 
|  92|0x0000000087a00000, 0x0000000087a00000, 0x0000000087b00000|  0%| F|  |TAMS 0x0000000087a00000, 0x0000000087a00000| Untracked 
|  93|0x0000000087b00000, 0x0000000087b00000, 0x0000000087c00000|  0%| F|  |TAMS 0x0000000087b00000, 0x0000000087b00000| Untracked 
|  94|0x0000000087c00000, 0x0000000087c00000, 0x0000000087d00000|  0%| F|  |TAMS 0x0000000087c00000, 0x0000000087c00000| Untracked 
|  95|0x0000000087d00000, 0x0000000087d00000, 0x0000000087e00000|  0%| F|  |TAMS 0x0000000087d00000, 0x0000000087d00000| Untracked 
|  96|0x0000000087e00000, 0x0000000087e00000, 0x0000000087f00000|  0%| F|  |TAMS 0x0000000087e00000, 0x0000000087e00000| Untracked 
|  97|0x0000000087f00000, 0x0000000087f00000, 0x0000000088000000|  0%| F|  |TAMS 0x0000000087f00000, 0x0000000087f00000| Untracked 
|  98|0x0000000088000000, 0x0000000088000000, 0x0000000088100000|  0%| F|  |TAMS 0x0000000088000000, 0x0000000088000000| Untracked 
|  99|0x0000000088100000, 0x0000000088100000, 0x0000000088200000|  0%| F|  |TAMS 0x0000000088100000, 0x0000000088100000| Untracked 
| 100|0x0000000088200000, 0x0000000088200000, 0x0000000088300000|  0%| F|  |TAMS 0x0000000088200000, 0x0000000088200000| Untracked 
| 101|0x0000000088300000, 0x0000000088300000, 0x0000000088400000|  0%| F|  |TAMS 0x0000000088300000, 0x0000000088300000| Untracked 
| 102|0x0000000088400000, 0x000000008847e328, 0x0000000088500000| 49%| E|  |TAMS 0x0000000088400000, 0x0000000088400000| Complete 
| 103|0x0000000088500000, 0x0000000088600000, 0x0000000088600000|100%| E|  |TAMS 0x0000000088500000, 0x0000000088500000| Complete 
| 104|0x0000000088600000, 0x0000000088700000, 0x0000000088700000|100%| E|  |TAMS 0x0000000088600000, 0x0000000088600000| Complete 
| 105|0x0000000088700000, 0x0000000088800000, 0x0000000088800000|100%| E|  |TAMS 0x0000000088700000, 0x0000000088700000| Complete 
| 106|0x0000000088800000, 0x0000000088900000, 0x0000000088900000|100%| E|  |TAMS 0x0000000088800000, 0x0000000088800000| Complete 
| 107|0x0000000088900000, 0x000000008895c918, 0x0000000088a00000| 36%| S|  |TAMS 0x0000000088900000, 0x0000000088900000| Complete 
| 108|0x0000000088a00000, 0x0000000088b00000, 0x0000000088b00000|100%| S|  |TAMS 0x0000000088a00000, 0x0000000088a00000| Complete 
| 109|0x0000000088b00000, 0x0000000088c00000, 0x0000000088c00000|100%| S|  |TAMS 0x0000000088b00000, 0x0000000088b00000| Complete 
| 110|0x0000000088c00000, 0x0000000088d00000, 0x0000000088d00000|100%| S|  |TAMS 0x0000000088c00000, 0x0000000088c00000| Complete 
| 111|0x0000000088d00000, 0x0000000088e00000, 0x0000000088e00000|100%| E|  |TAMS 0x0000000088d00000, 0x0000000088d00000| Complete 
| 112|0x0000000088e00000, 0x0000000088f00000, 0x0000000088f00000|100%| E|  |TAMS 0x0000000088e00000, 0x0000000088e00000| Complete 
| 113|0x0000000088f00000, 0x0000000089000000, 0x0000000089000000|100%| E|  |TAMS 0x0000000088f00000, 0x0000000088f00000| Complete 
| 114|0x0000000089000000, 0x0000000089100000, 0x0000000089100000|100%| E|  |TAMS 0x0000000089000000, 0x0000000089000000| Complete 
| 115|0x0000000089100000, 0x0000000089200000, 0x0000000089200000|100%| E|  |TAMS 0x0000000089100000, 0x0000000089100000| Complete 
| 116|0x0000000089200000, 0x0000000089300000, 0x0000000089300000|100%| E|  |TAMS 0x0000000089200000, 0x0000000089200000| Complete 
| 117|0x0000000089300000, 0x0000000089400000, 0x0000000089400000|100%| E|  |TAMS 0x0000000089300000, 0x0000000089300000| Complete 
| 118|0x0000000089400000, 0x0000000089500000, 0x0000000089500000|100%| E|  |TAMS 0x0000000089400000, 0x0000000089400000| Complete 
| 119|0x0000000089500000, 0x0000000089600000, 0x0000000089600000|100%| E|  |TAMS 0x0000000089500000, 0x0000000089500000| Complete 
| 120|0x0000000089600000, 0x0000000089700000, 0x0000000089700000|100%| E|  |TAMS 0x0000000089600000, 0x0000000089600000| Complete 
| 121|0x0000000089700000, 0x0000000089800000, 0x0000000089800000|100%| E|  |TAMS 0x0000000089700000, 0x0000000089700000| Complete 
| 122|0x0000000089800000, 0x0000000089900000, 0x0000000089900000|100%| E|  |TAMS 0x0000000089800000, 0x0000000089800000| Complete 
| 123|0x0000000089900000, 0x0000000089a00000, 0x0000000089a00000|100%| E|  |TAMS 0x0000000089900000, 0x0000000089900000| Complete 
| 124|0x0000000089a00000, 0x0000000089b00000, 0x0000000089b00000|100%| E|  |TAMS 0x0000000089a00000, 0x0000000089a00000| Complete 
| 125|0x0000000089b00000, 0x0000000089c00000, 0x0000000089c00000|100%| E|  |TAMS 0x0000000089b00000, 0x0000000089b00000| Complete 
| 126|0x0000000089c00000, 0x0000000089d00000, 0x0000000089d00000|100%| E|  |TAMS 0x0000000089c00000, 0x0000000089c00000| Complete 
| 127|0x0000000089d00000, 0x0000000089e00000, 0x0000000089e00000|100%| E|  |TAMS 0x0000000089d00000, 0x0000000089d00000| Complete 

Card table byte_map: [0x00000137a4ce0000,0x00000137a50e0000] _byte_map_base: 0x00000137a48d1000

Marking Bits (Prev, Next): (CMBitMap*) 0x000001378d2c1f10, (CMBitMap*) 0x000001378d2c1ed8
 Prev Bits: [0x00000137a7470000, 0x00000137a93f8000)
 Next Bits: [0x00000137a54e0000, 0x00000137a7468000)

Polling page: 0x000001378afd0000

Metaspace:

Usage:
  Non-class:     18.24 MB capacity,    17.86 MB ( 98%) used,   326.43 KB (  2%) free+waste,    65.69 KB ( <1%) overhead. 
      Class:      2.52 MB capacity,     2.24 MB ( 89%) used,   255.98 KB ( 10%) free+waste,    34.00 KB (  1%) overhead. 
       Both:     20.76 MB capacity,    20.10 MB ( 97%) used,   582.41 KB (  3%) free+waste,    99.69 KB ( <1%) overhead. 

Virtual space:
  Non-class space:       20.00 MB reserved,      18.42 MB ( 92%) committed 
      Class space:        1.00 GB reserved,       2.63 MB ( <1%) committed 
             Both:        1.02 GB reserved,      21.05 MB (  2%) committed 

Chunk freelists:
   Non-Class:  768 bytes
       Class:  1.38 KB
        Both:  2.13 KB

CodeHeap 'non-profiled nmethods': size=120000Kb used=801Kb max_used=801Kb free=119199Kb
 bounds [0x000001379d080000, 0x000001379d2f0000, 0x00000137a45b0000]
CodeHeap 'profiled nmethods': size=120000Kb used=3354Kb max_used=3354Kb free=116645Kb
 bounds [0x0000013795b50000, 0x0000013795ea0000, 0x000001379d080000]
CodeHeap 'non-nmethods': size=5760Kb used=1280Kb max_used=1317Kb free=4479Kb
 bounds [0x00000137955b0000, 0x0000013795820000, 0x0000013795b50000]
 total_blobs=2685 nmethods=1729 adapters=472
 compilation: enabled
              stopped_count=0, restarted_count=0
 full_count=0

Compilation events (10 events):
Event: 5647.949 Thread 0x00000137abe71800 1731       3       edu.rice.cs.plt.tuple.IdentityWrapper::equals (49 bytes)
Event: 5647.949 Thread 0x00000137abe71800 nmethod 1731 0x0000013795e93890 code [0x0000013795e93a80, 0x0000013795e93f30]
Event: 5700.636 Thread 0x00000137abe71800 1732   !   3       java.io.ObjectInputStream::filterCheck (223 bytes)
Event: 5700.637 Thread 0x00000137abe71800 nmethod 1732 0x0000013795e94090 code [0x0000013795e94380, 0x0000013795e952d0]
Event: 5700.637 Thread 0x00000137abe71800 1733       3       java.io.ObjectStreamClass::isExternalizable (9 bytes)
Event: 5700.637 Thread 0x00000137abe71800 nmethod 1733 0x0000013795e95910 code [0x0000013795e95ae0, 0x0000013795e95dd0]
Event: 5700.637 Thread 0x00000137abe71800 1734       3       java.io.ObjectStreamClass::getClassDataLayout (20 bytes)
Event: 5700.638 Thread 0x00000137abe71800 nmethod 1734 0x0000013795e95f10 code [0x0000013795e960e0, 0x0000013795e96310]
Event: 5700.699 Thread 0x00000137abe71800 1735   !   3       java.io.ObjectOutputStream::writeObject (38 bytes)
Event: 5700.699 Thread 0x00000137abe71800 nmethod 1735 0x0000013795e96390 code [0x0000013795e96580, 0x0000013795e96940]

GC Heap History (5 events):
Event: 4.031 GC heap before
{Heap before GC invocations=0 (full 0):
 garbage-first heap   total 131072K, used 25600K [0x0000000081e00000, 0x0000000100000000)
  region size 1024K, 24 young (24576K), 0 survivors (0K)
 Metaspace       used 19582K, capacity 20189K, committed 20480K, reserved 1067008K
  class space    used 2176K, capacity 2446K, committed 2560K, reserved 1048576K
}
Event: 4.036 GC heap after
{Heap after GC invocations=1 (full 0):
 garbage-first heap   total 131072K, used 5694K [0x0000000081e00000, 0x0000000100000000)
  region size 1024K, 3 young (3072K), 3 survivors (3072K)
 Metaspace       used 19582K, capacity 20189K, committed 20480K, reserved 1067008K
  class space    used 2176K, capacity 2446K, committed 2560K, reserved 1048576K
}
Event: 2130.815 GC heap before
{Heap before GC invocations=1 (full 0):
 garbage-first heap   total 131072K, used 30270K [0x0000000081e00000, 0x0000000100000000)
  region size 1024K, 20 young (20480K), 3 survivors (3072K)
 Metaspace       used 20487K, capacity 21111K, committed 21296K, reserved 1069056K
  class space    used 2288K, capacity 2577K, committed 2688K, reserved 1048576K
}
Event: 2130.819 GC heap after
{Heap after GC invocations=2 (full 0):
 garbage-first heap   total 131072K, used 14256K [0x0000000081e00000, 0x0000000100000000)
  region size 1024K, 4 young (4096K), 4 survivors (4096K)
 Metaspace       used 20487K, capacity 21111K, committed 21296K, reserved 1069056K
  class space    used 2288K, capacity 2577K, committed 2688K, reserved 1048576K
}
Event: 5730.822 GC heap before
{Heap before GC invocations=3 (full 0):
 garbage-first heap   total 131072K, used 35760K [0x0000000081e00000, 0x0000000100000000)
  region size 1024K, 26 young (26624K), 4 survivors (4096K)
 Metaspace       used 20580K, capacity 21263K, committed 21552K, reserved 1069056K
  class space    used 2291K, capacity 2581K, committed 2688K, reserved 1048576K
}

Deoptimization events (10 events):
Event: 0.804 Thread 0x00000137acedc800 Uncommon trap: reason=unstable_if action=reinterpret pc=0x000001379d0dab94 method=java.util.HashMap.hash(Ljava/lang/Object;)I @ 1 c2
Event: 0.809 Thread 0x00000137ad6b6000 Uncommon trap: reason=class_check action=maybe_recompile pc=0x000001379d0d2cd0 method=java.util.HashMap.putVal(ILjava/lang/Object;Ljava/lang/Object;ZZ)Ljava/lang/Object; @ 203 c2
Event: 0.809 Thread 0x00000137ad6b6000 Uncommon trap: reason=class_check action=maybe_recompile pc=0x000001379d0d2cd0 method=java.util.HashMap.putVal(ILjava/lang/Object;Ljava/lang/Object;ZZ)Ljava/lang/Object; @ 203 c2
Event: 0.809 Thread 0x00000137ad6b6000 Uncommon trap: reason=class_check action=maybe_recompile pc=0x000001379d0d2cd0 method=java.util.HashMap.putVal(ILjava/lang/Object;Ljava/lang/Object;ZZ)Ljava/lang/Object; @ 203 c2
Event: 0.842 Thread 0x00000137acedc800 Uncommon trap: reason=unstable_if action=reinterpret pc=0x000001379d0b6b08 method=java.lang.StringUTF16.compress([CI[BII)I @ 20 c2
Event: 4.030 Thread 0x00000137acedc800 Uncommon trap: reason=unstable_if action=reinterpret pc=0x000001379d0ce3e0 method=java.util.concurrent.ConcurrentHashMap.putVal(Ljava/lang/Object;Ljava/lang/Object;Z)Ljava/lang/Object; @ 148 c2
Event: 4.804 Thread 0x00000137acedc800 Uncommon trap: reason=unstable_if action=reinterpret pc=0x000001379d1020b8 method=good_subarrays.solve(Ljava/io/BufferedReader;)V @ 201 c2
Event: 15.675 Thread 0x00000137ad1de800 Uncommon trap: reason=unstable_if action=reinterpret pc=0x000001379d0f726c method=java.lang.ref.ReferenceQueue.poll()Ljava/lang/ref/Reference; @ 4 c2
Event: 315.609 Thread 0x00000137ae2e7000 Uncommon trap: reason=unstable_if action=reinterpret pc=0x000001379d105bbc method=java.io.BufferedInputStream.read()I @ 23 c2
Event: 2400.618 Thread 0x00000137ae2e9800 Uncommon trap: reason=unstable_if action=reinterpret pc=0x000001379d1102d4 method=java.lang.ref.SoftReference.get()Ljava/lang/Object; @ 6 c2

Classes redefined (0 events):
No events

Internal exceptions (10 events):
Event: 0.857 Thread 0x00000137acedc800 Exception <a 'java/lang/NoSuchMethodError'{0x00000000888d5528}: java.lang.invoke.DirectMethodHandle$Holder.invokeStatic(Ljava/lang/Object;Ljava/lang/Object;Ljava/lang/Object;Ljava/lang/Object;Ljava/lang/Object;Ljava/lang/Object;Ljava/lang/Object;Ljava/lan
Event: 0.859 Thread 0x00000137acedc800 Exception <a 'java/lang/NoSuchMethodError'{0x00000000888f37b0}: java.lang.invoke.DirectMethodHandle$Holder.invokeStatic(Ljava/lang/Object;Ljava/lang/Object;Ljava/lang/Object;Ljava/lang/Object;Ljava/lang/Object;Ljava/lang/Object;Ljava/lang/Object;Ljava/lan
Event: 0.861 Thread 0x00000137acedc800 Exception <a 'java/lang/NoSuchMethodError'{0x00000000887132c8}: java.lang.invoke.DirectMethodHandle$Holder.invokeStatic(Ljava/lang/Object;Ljava/lang/Object;Ljava/lang/Object;Ljava/lang/Object;Ljava/lang/Object;Ljava/lang/Object;Ljava/lang/Object;Ljava/lan
Event: 0.862 Thread 0x00000137acedc800 Exception <a 'java/lang/NoSuchMethodError'{0x000000008871f420}: java.lang.invoke.Invokers$Holder.linkToTargetMethod(Ljava/lang/Object;ILjava/lang/Object;)Ljava/lang/Object;> (0x000000008871f420) thrown at [t:/workspace/open/src/hotspot/share/interpreter/l
Event: 3.965 Thread 0x00000137acedc800 Exception <a 'java/lang/NoSuchMethodError'{0x000000008875b248}: <clinit>> (0x000000008875b248) thrown at [t:/workspace/open/src/hotspot/share/prims/jni.cpp, line 1364]
Event: 3.965 Thread 0x00000137acedc800 Exception <a 'java/lang/NoSuchMethodError'{0x000000008875e020}: <clinit>> (0x000000008875e020) thrown at [t:/workspace/open/src/hotspot/share/prims/jni.cpp, line 1364]
Event: 4.837 Thread 0x00000137acedc800 Exception <a 'java/lang/NoSuchMethodError'{0x0000000089a38e68}: <clinit>> (0x0000000089a38e68) thrown at [t:/workspace/open/src/hotspot/share/prims/jni.cpp, line 1364]
Event: 4.837 Thread 0x00000137acedc800 Exception <a 'java/lang/NoSuchMethodError'{0x0000000089a3a058}: <clinit>> (0x0000000089a3a058) thrown at [t:/workspace/open/src/hotspot/share/prims/jni.cpp, line 1364]
Event: 2400.620 Thread 0x00000137ae2e9800 Exception <a 'java/lang/NoSuchMethodError'{0x0000000089b19118}: <clinit>> (0x0000000089b19118) thrown at [t:/workspace/open/src/hotspot/share/prims/jni.cpp, line 1364]
Event: 2400.684 Thread 0x00000137ad259800 Exception <a 'java/lang/NoSuchMethodError'{0x0000000089b27df0}: <clinit>> (0x0000000089b27df0) thrown at [t:/workspace/open/src/hotspot/share/prims/jni.cpp, line 1364]

Events (10 events):
Event: 5604.563 Executing VM operation: BulkRevokeBias done
Event: 5604.563 Executing VM operation: RevokeBias
Event: 5604.564 Executing VM operation: RevokeBias done
Event: 5647.948 Executing VM operation: RevokeBias
Event: 5647.948 Executing VM operation: RevokeBias done
Event: 5665.531 Executing VM operation: RevokeBias
Event: 5665.531 Executing VM operation: RevokeBias done
Event: 5700.636 Executing VM operation: RevokeBias
Event: 5700.636 Executing VM operation: RevokeBias done
Event: 5730.820 Executing VM operation: G1CollectFull


Dynamic libraries:
0x00007ff6dd6d0000 - 0x00007ff6dd717000 	C:\Program Files\Java\jdk-11.0.1\bin\javaw.exe
0x00007ffba7dc0000 - 0x00007ffba7fb0000 	C:\WINDOWS\SYSTEM32\ntdll.dll
0x00007ffba6050000 - 0x00007ffba6102000 	C:\WINDOWS\System32\KERNEL32.DLL
0x00007ffba5b20000 - 0x00007ffba5dc4000 	C:\WINDOWS\System32\KERNELBASE.dll
0x00007ffba7cd0000 - 0x00007ffba7d73000 	C:\WINDOWS\System32\ADVAPI32.dll
0x00007ffba6110000 - 0x00007ffba61ae000 	C:\WINDOWS\System32\msvcrt.dll
0x00007ffba6b90000 - 0x00007ffba6c27000 	C:\WINDOWS\System32\sechost.dll
0x00007ffba6410000 - 0x00007ffba6530000 	C:\WINDOWS\System32\RPCRT4.dll
0x00007ffba61b0000 - 0x00007ffba6345000 	C:\WINDOWS\System32\USER32.dll
0x00007ffba5af0000 - 0x00007ffba5b11000 	C:\WINDOWS\System32\win32u.dll
0x00007ffba65e0000 - 0x00007ffba6606000 	C:\WINDOWS\System32\GDI32.dll
0x00007ffba58f0000 - 0x00007ffba5a86000 	C:\WINDOWS\System32\gdi32full.dll
0x00007ffba5dd0000 - 0x00007ffba5e6e000 	C:\WINDOWS\System32\msvcp_win.dll
0x00007ffba4d40000 - 0x00007ffba4e3a000 	C:\WINDOWS\System32\ucrtbase.dll
0x00007ffb8e520000 - 0x00007ffb8e7a4000 	C:\WINDOWS\WinSxS\amd64_microsoft.windows.common-controls_6595b64144ccf1df_6.0.18362.1016_none_9e7a36bbe461dae4\COMCTL32.dll
0x00007ffb9ea20000 - 0x00007ffb9ea2a000 	C:\WINDOWS\SYSTEM32\VERSION.dll
0x00007ffba7710000 - 0x00007ffba7a45000 	C:\WINDOWS\System32\combase.dll
0x00007ffba5700000 - 0x00007ffba5780000 	C:\WINDOWS\System32\bcryptPrimitives.dll
0x00007ffba7660000 - 0x00007ffba768e000 	C:\WINDOWS\System32\IMM32.DLL
0x00007ffb7a550000 - 0x00007ffb7a566000 	C:\Program Files\Java\jdk-11.0.1\bin\vcruntime140.dll
0x00007ffb61a10000 - 0x00007ffb61aba000 	C:\Program Files\Java\jdk-11.0.1\bin\msvcp140.dll
0x00007ffb60a60000 - 0x00007ffb615a2000 	C:\Program Files\Java\jdk-11.0.1\bin\server\jvm.dll
0x00007ffba6350000 - 0x00007ffba6358000 	C:\WINDOWS\System32\PSAPI.DLL
0x00007ffb8ebc0000 - 0x00007ffb8ebc9000 	C:\WINDOWS\SYSTEM32\WSOCK32.dll
0x00007ffb9fb70000 - 0x00007ffb9fb94000 	C:\WINDOWS\SYSTEM32\WINMM.dll
0x00007ffba7b20000 - 0x00007ffba7b8f000 	C:\WINDOWS\System32\WS2_32.dll
0x00007ffb9fb20000 - 0x00007ffb9fb4d000 	C:\WINDOWS\SYSTEM32\WINMMBASE.dll
0x00007ffba4ef0000 - 0x00007ffba4f3a000 	C:\WINDOWS\System32\cfgmgr32.dll
0x00007ffba4c80000 - 0x00007ffba4c91000 	C:\WINDOWS\System32\kernel.appcore.dll
0x00007ffb76190000 - 0x00007ffb761a1000 	C:\Program Files\Java\jdk-11.0.1\bin\verify.dll
0x00007ffb8e1d0000 - 0x00007ffb8e3c4000 	C:\WINDOWS\SYSTEM32\DBGHELP.DLL
0x00007ffb8e0e0000 - 0x00007ffb8e10a000 	C:\WINDOWS\SYSTEM32\dbgcore.DLL
0x00007ffb619e0000 - 0x00007ffb61a09000 	C:\Program Files\Java\jdk-11.0.1\bin\java.dll
0x00007ffba1690000 - 0x00007ffba16c7000 	C:\Program Files\Java\jdk-11.0.1\bin\jdwp.dll
0x00007ffb75e60000 - 0x00007ffb75e76000 	C:\Program Files\Java\jdk-11.0.1\bin\zip.dll
0x00007ffb82a80000 - 0x00007ffb82a8a000 	C:\Program Files\Java\jdk-11.0.1\bin\jimage.dll
0x00007ffba6dc0000 - 0x00007ffba74a7000 	C:\WINDOWS\System32\SHELL32.dll
0x00007ffba6360000 - 0x00007ffba6409000 	C:\WINDOWS\System32\shcore.dll
0x00007ffba4f40000 - 0x00007ffba56c2000 	C:\WINDOWS\System32\windows.storage.dll
0x00007ffba4d10000 - 0x00007ffba4d33000 	C:\WINDOWS\System32\profapi.dll
0x00007ffba4cc0000 - 0x00007ffba4d0a000 	C:\WINDOWS\System32\powrprof.dll
0x00007ffba4c70000 - 0x00007ffba4c80000 	C:\WINDOWS\System32\UMPDC.dll
0x00007ffba6c90000 - 0x00007ffba6ce2000 	C:\WINDOWS\System32\shlwapi.dll
0x00007ffba58d0000 - 0x00007ffba58e7000 	C:\WINDOWS\System32\cryptsp.dll
0x00007ffba1680000 - 0x00007ffba168a000 	C:\Program Files\Java\jdk-11.0.1\bin\dt_socket.dll
0x00007ffba44d0000 - 0x00007ffba4537000 	C:\WINDOWS\System32\mswsock.dll
0x00007ffba4220000 - 0x00007ffba42eb000 	C:\WINDOWS\SYSTEM32\DNSAPI.dll
0x00007ffba7690000 - 0x00007ffba7698000 	C:\WINDOWS\System32\NSI.dll
0x00007ffba41e0000 - 0x00007ffba421a000 	C:\WINDOWS\SYSTEM32\IPHLPAPI.DLL
0x00007ffb9bee0000 - 0x00007ffb9bf57000 	C:\WINDOWS\System32\fwpuclnt.dll
0x00007ffba56d0000 - 0x00007ffba56f6000 	C:\WINDOWS\System32\bcrypt.dll
0x00007ffb95da0000 - 0x00007ffb95daa000 	C:\Windows\System32\rasadhlp.dll
0x00007ffb74800000 - 0x00007ffb74819000 	C:\Program Files\Java\jdk-11.0.1\bin\net.dll
0x00007ffb9a800000 - 0x00007ffb9a8f0000 	C:\WINDOWS\SYSTEM32\WINHTTP.dll
0x00007ffb6f2e0000 - 0x00007ffb6f2f3000 	C:\Program Files\Java\jdk-11.0.1\bin\nio.dll
0x00007ffba4040000 - 0x00007ffba4073000 	C:\WINDOWS\system32\rsaenh.dll
0x00007ffba4b90000 - 0x00007ffba4bb5000 	C:\WINDOWS\SYSTEM32\USERENV.dll
0x00007ffba46a0000 - 0x00007ffba46ac000 	C:\WINDOWS\SYSTEM32\CRYPTBASE.dll
0x00007ffb9cd10000 - 0x00007ffb9cd26000 	C:\WINDOWS\SYSTEM32\dhcpcsvc6.DLL
0x00007ffb9dab0000 - 0x00007ffb9dacc000 	C:\WINDOWS\SYSTEM32\dhcpcsvc.DLL
0x00007ffb81790000 - 0x00007ffb81797000 	C:\Program Files\Java\jdk-11.0.1\bin\rmi.dll
0x00007ffb61d10000 - 0x00007ffb61eaf000 	C:\Program Files\Java\jdk-11.0.1\bin\awt.dll
0x00007ffba7a50000 - 0x00007ffba7b15000 	C:\WINDOWS\System32\OLEAUT32.dll
0x00007ffba1720000 - 0x00007ffba1ce0000 	C:\WINDOWS\SYSTEM32\d2d1.dll
0x00007ffba2b00000 - 0x00007ffba2b8f000 	C:\WINDOWS\SYSTEM32\apphelp.dll
0x00007ffba3110000 - 0x00007ffba313d000 	C:\WINDOWS\system32\DWMAPI.DLL
0x00007ffba2c40000 - 0x00007ffba2cd9000 	C:\WINDOWS\system32\uxtheme.dll
0x00007ffb77d70000 - 0x00007ffb77ec6000 	C:\WINDOWS\system32\opengl32.dll
0x00007ffb781f0000 - 0x00007ffb7821c000 	C:\WINDOWS\SYSTEM32\GLU32.dll
0x00007ffba38d0000 - 0x00007ffba38f0000 	C:\WINDOWS\SYSTEM32\dxcore.dll
0x00007ffba7b90000 - 0x00007ffba7cc5000 	C:\WINDOWS\System32\MSCTF.dll
0x00007ffba5e70000 - 0x00007ffba5fc7000 	C:\WINDOWS\System32\ole32.dll
0x00007ffb61c90000 - 0x00007ffb61d10000 	C:\Program Files\Java\jdk-11.0.1\bin\freetype.dll
0x00007ffb61c20000 - 0x00007ffb61c8f000 	C:\Program Files\Java\jdk-11.0.1\bin\fontmanager.dll
0x00007ffb9ac80000 - 0x00007ffb9ad1e000 	C:\WINDOWS\System32\TextInputFramework.dll
0x00007ffb9d680000 - 0x00007ffb9d9aa000 	C:\WINDOWS\System32\CoreUIComponents.dll
0x00007ffba2580000 - 0x00007ffba2654000 	C:\WINDOWS\System32\CoreMessaging.dll
0x00007ffba3cc0000 - 0x00007ffba3cf1000 	C:\WINDOWS\SYSTEM32\ntmarta.dll
0x00007ffba0860000 - 0x00007ffba09b3000 	C:\WINDOWS\SYSTEM32\wintypes.dll

dbghelp: loaded successfully - version: 4.0.5 - missing functions: none
symbol engine: initialized successfully - sym options: 0x614 - pdb path: .;C:\Program Files\Java\jdk-11.0.1\bin;C:\WINDOWS\SYSTEM32;C:\WINDOWS\WinSxS\amd64_microsoft.windows.common-controls_6595b64144ccf1df_6.0.18362.1016_none_9e7a36bbe461dae4;C:\Program Files\Java\jdk-11.0.1\bin\server

VM Arguments:
jvm_args: -ea -Xrunjdwp:transport=dt_socket,server=y,suspend=n,address=51518 -Xdebug -Xnoagent -Djava.compiler=NONE -Ddrjava.debug.port=51518 -Dedu.rice.cs.cunit.concJUnit.check.join.enabled=false -Dedu.rice.cs.cunit.concJUnit.check.lucky.enabled=false -Dedu.rice.cs.cunit.concJUnit.check.threads.enabled=false -Djava.rmi.server.hostname=127.0.0.1 
java_command: edu.rice.cs.plt.concurrent.ProcessTaskController$Runner
java_class_path (initial): C:\Users\Richard\Downloads\drjava-beta-20190813-220051.jar
Launcher Type: SUN_STANDARD

[Global flags]
     intx CICompilerCount                          = 4                                         {product} {ergonomic}
     uint ConcGCThreads                            = 2                                         {product} {ergonomic}
     uint G1ConcRefinementThreads                  = 8                                         {product} {ergonomic}
   size_t G1HeapRegionSize                         = 1048576                                   {product} {ergonomic}
    uintx GCDrainStackTargetSize                   = 64                                        {product} {ergonomic}
   size_t InitialHeapSize                          = 134217728                                 {product} {ergonomic}
   size_t MarkStackSize                            = 4194304                                   {product} {ergonomic}
   size_t MaxHeapSize                              = 2116026368                                {product} {ergonomic}
   size_t MaxNewSize                               = 1268776960                                {product} {ergonomic}
   size_t MinHeapDeltaBytes                        = 1048576                                   {product} {ergonomic}
    uintx NonNMethodCodeHeapSize                   = 5835340                                {pd product} {ergonomic}
    uintx NonProfiledCodeHeapSize                  = 122911450                              {pd product} {ergonomic}
    uintx ProfiledCodeHeapSize                     = 122911450                              {pd product} {ergonomic}
    uintx ReservedCodeCacheSize                    = 251658240                              {pd product} {ergonomic}
     bool SegmentedCodeCache                       = true                                      {product} {ergonomic}
     bool UseCompressedClassPointers               = true                                 {lp64_product} {ergonomic}
     bool UseCompressedOops                        = true                                 {lp64_product} {ergonomic}
     bool UseG1GC                                  = true                                      {product} {ergonomic}
     bool UseLargePagesIndividualAllocation        = false                                  {pd product} {ergonomic}

Logging:
Log output configuration:
 #0: stdout all=warning uptime,level,tags
 #1: stderr all=off uptime,level,tags

Environment Variables:
PATH=C:\Program Files (x86)\Common Files\Oracle\Java\javapath;C:\Program Files (x86)\Intel\iCLS Client\;C:\Program Files\Intel\iCLS Client\;C:\WINDOWS\system32;C:\WINDOWS;C:\WINDOWS\System32\Wbem;C:\WINDOWS\System32\WindowsPowerShell\v1.0\;C:\Program Files (x86)\Intel\Intel(R) Management Engine Components\DAL;C:\Program Files\Intel\Intel(R) Management Engine Components\DAL;C:\Program Files (x86)\Intel\Intel(R) Management Engine Components\IPT;C:\Program Files\Intel\Intel(R) Management Engine Components\IPT;C:\Program Files\PuTTY\;C:\WINDOWS\System32\OpenSSH\;C:\Program Files\Intel\WiFi\bin\;C:\Program Files\Common Files\Intel\WirelessCommon\;C:\Program Files (x86)\Pandoc\;C:\Program Files\MiKTeX 2.9\miktex\bin\x64\;C:\Program Files\Git\cmd;C:\Users\Richard\AppData\Local\Programs\Python\Python37-32\Scripts\;C:\Users\Richard\AppData\Local\Programs\Python\Python37-32\;C:\Users\Richard\AppData\Local\Microsoft\WindowsApps;C:\Program Files\Intel\WiFi\bin\;C:\Program Files\Common Files\Intel\WirelessCommon\;C:\Program Files (x86)\Technitium\TMACv6.0;
USERNAME=Richard
OS=Windows_NT
PROCESSOR_IDENTIFIER=Intel64 Family 6 Model 142 Stepping 10, GenuineIntel



---------------  S Y S T E M  ---------------

OS: Windows 10 , 64 bit Build 18362 (10.0.18362.959)

CPU:total 8 (initial active 8) (4 cores per cpu, 2 threads per core) family 6 model 142 stepping 10, cmov, cx8, fxsr, mmx, sse, sse2, sse3, ssse3, sse4.1, sse4.2, popcnt, avx, avx2, aes, clmul, erms, 3dnowpref, lzcnt, ht, tsc, tscinvbit, bmi1, bmi2, adx, fma

Memory: 4k page, system-wide physical 8069M (3782M free)
TotalPageFile size 9477M (AvailPageFile size 3091M)
current process WorkingSet (physical memory assigned to process): 53M, peak: 115M
current process commit charge ("private bytes"): 245M, peak: 247M

vm_info: Java HotSpot(TM) 64-Bit Server VM (11.0.1+13-LTS) for windows-amd64 JRE (11.0.1+13-LTS), built on Oct  6 2018 13:20:16 by "mach5one" with MS VC++ 15.5 (VS2017)

END.
